
running 2 tests
test cpu::tests::test_addrmode_decode ... ok
test debugger::tests::test_debugger ... FAILED

failures:

failures:
    debugger::tests::test_debugger

test result: FAILED. 1 passed; 1 failed; 0 ignored; 0 measured; 0 filtered out; finished in 0.03s

